(---------------------------------------------------------------------)
(                                                                     )
(    Auto Silkscreen Log File                                         )
(                                                                     )
(    Drawing          : micro_usb.brd                                 )
(    Software Version : 16.6S034                                      )
(    Date/Time        : Fri Jul 19 11:48:54 2019                      )
(                                                                     )
(---------------------------------------------------------------------)


Generating Auto Silkscreen for both sides of the board.

Copying all elements.

Element to Pad clearance is 0.000
Max Text displacement is 2.540
Min Line Length is 0.000
Allowing 0 degree text rotation.
Text Allowed Under Components.
Subclass Selections:
 Board Geometry       : Silkscreen
 Component Value      : Silkscreen
 Device Type          : Silkscreen
 Package Geometry     : Silkscreen
 Reference Designator : Silkscreen
 Tolerance            : Silkscreen
 User Part Number     : Silkscreen


     ----- Top Silkscreen -----

Text string 'R13' is not at a suitable location
(location: 48.260, 31.750)

     ----- Bottom Silkscreen -----


Total Failures: 1

Log End

