(---------------------------------------------------------------------)
(                                                                     )
(    ARTWORK LOG                                                      )
(                                                                     )
(    Drawing          : micro_usb.brd                                 )
(    Software Version : 16.6S034                                      )
(    Date/Time        : Fri Jul 19 12:48:57 2019                      )
(                                                                     )
(---------------------------------------------------------------------)



 ******************************************
 WARNING: DRC OUT OF DATE on this layout.
 ******************************************

 ---- Photoplot outline rectangle not found; using drawing extents.



Results from parameter file ...
    DEVICE-TYPE           GERBER_RS274X
    OUTPUT-UNITS          MM
    FILM-SIZE             2400000 1600000
    FORMAT                5.5
    ABORT-ON-ERROR        NO
    SCALE                 1
    SUPPRESS-LEAD-ZEROES  YES
    SUPPRESS-TRAIL-ZEROES NO
    SUPPRESS-EQUAL        YES
    UNDEF-APT-CONT        NO


================================================================
     PROCESSING FILM < SilkT >
     TO FILE < c:/Users/user/Desktop/work/avrusb500/gerber/SilkT.art > ...
================================================================

  FILM PARAMETERS :
  ---------------------------------------------------------
  Undefined line width                0.200
  Suppress shape fill on neg film     NO
  Mirror code                         NONE
  Rotate angle                        NONE
  Offset x:                           0.000
  Offset y:                           0.000
  Plot negative                       NO
  Suppress unconnected internal pads  NO
  Draw holes only                     NO

    WARNING: text composed 0 width line found at (5.080 16.510)
           ... using undefined line width of 0.200

    WARNING: text having Multiple 0 width lines; all will be treated the same as the first.
           ... using undefined line width of 0.200



  APERTURES USED:
  ---------------------------------------------------------
  TYPE       SIZE/NAME                   ROT   MIRROR MODE 
  ---------------------------------------------------------
  CIRCLE     0.20000                                  DARK 
  CIRCLE     0.20300                                  DARK 
  CIRCLE     0.25400                                  DARK 

     SilkT created with warnings


================================================================
     PROCESSING FILM < MetalB >
     TO FILE < c:/Users/user/Desktop/work/avrusb500/gerber/MetalB.art > ...
================================================================

  FILM PARAMETERS :
  ---------------------------------------------------------
  Undefined line width                0.000
  Suppress shape fill on neg film     NO
  Mirror code                         NONE
  Rotate angle                        NONE
  Offset x:                           0.000
  Offset y:                           0.000
  Plot negative                       NO
  Suppress unconnected internal pads  NO
  Draw holes only                     NO



  APERTURES USED:  NONE
     MetalB created with warnings


================================================================
     PROCESSING FILM < MetalT >
     TO FILE < c:/Users/user/Desktop/work/avrusb500/gerber/MetalT.art > ...
================================================================

  FILM PARAMETERS :
  ---------------------------------------------------------
  Undefined line width                0.000
  Suppress shape fill on neg film     NO
  Mirror code                         NONE
  Rotate angle                        NONE
  Offset x:                           0.000
  Offset y:                           0.000
  Plot negative                       NO
  Suppress unconnected internal pads  NO
  Draw holes only                     NO



  APERTURES USED:
  ---------------------------------------------------------
  TYPE       SIZE/NAME                   ROT   MIRROR MODE 
  ---------------------------------------------------------
  RECTANGLE  0.40000     x 1.72000      90.000 NO     DARK 
  RECTANGLE  1.10000     x 1.72000      90.000 NO     DARK 
  RECTANGLE  1.77800     x 0.45700       0.000 NO     DARK 
  RECTANGLE  1.77800     x 0.45700      90.000 NO     DARK 
  OBLONG     1.20000     x 1.90000      90.000 NO     DARK 
  OBLONG     1.77800     x 0.45700       0.000 NO     DARK 
  OBLONG     1.77800     x 0.45700      90.000 NO     DARK 

     MetalT created with warnings


================================================================
     PROCESSING FILM < SolderB >
     TO FILE < c:/Users/user/Desktop/work/avrusb500/gerber/SolderB.art > ...
================================================================

  FILM PARAMETERS :
  ---------------------------------------------------------
  Undefined line width                0.000
  Suppress shape fill on neg film     NO
  Mirror code                         NONE
  Rotate angle                        NONE
  Offset x:                           0.000
  Offset y:                           0.000
  Plot negative                       NO
  Suppress unconnected internal pads  NO
  Draw holes only                     NO



  APERTURES USED:
  ---------------------------------------------------------
  TYPE       SIZE/NAME                   ROT   MIRROR MODE 
  ---------------------------------------------------------
  CIRCLE     1.11800                                  DARK 
  CIRCLE     1.32100                                  DARK 
  CIRCLE     1.57500                                  DARK 
  SQUARE     1.32100                     0.000 NO     DARK 
  SQUARE     1.57500                     0.000 NO     DARK 

     SolderB created with warnings


================================================================
     PROCESSING FILM < SolderT >
     TO FILE < c:/Users/user/Desktop/work/avrusb500/gerber/SolderT.art > ...
================================================================

  FILM PARAMETERS :
  ---------------------------------------------------------
  Undefined line width                0.000
  Suppress shape fill on neg film     NO
  Mirror code                         NONE
  Rotate angle                        NONE
  Offset x:                           0.000
  Offset y:                           0.000
  Plot negative                       NO
  Suppress unconnected internal pads  NO
  Draw holes only                     NO



  APERTURES USED:
  ---------------------------------------------------------
  TYPE       SIZE/NAME                   ROT   MIRROR MODE 
  ---------------------------------------------------------
  CIRCLE     1.11800                                  DARK 
  CIRCLE     1.32100                                  DARK 
  CIRCLE     1.57500                                  DARK 
  SQUARE     1.32100                     0.000 NO     DARK 
  SQUARE     1.57500                     0.000 NO     DARK 
  RECTANGLE  0.40000     x 1.72000      90.000 NO     DARK 
  RECTANGLE  1.10000     x 1.72000      90.000 NO     DARK 
  RECTANGLE  1.77800     x 0.45700       0.000 NO     DARK 
  RECTANGLE  1.77800     x 0.45700      90.000 NO     DARK 
  OBLONG     1.20000     x 1.90000      90.000 NO     DARK 
  OBLONG     1.77800     x 0.45700       0.000 NO     DARK 
  OBLONG     1.77800     x 0.45700      90.000 NO     DARK 

     SolderT created with warnings


================================================================
     PROCESSING FILM < SilkB >
     TO FILE < c:/Users/user/Desktop/work/avrusb500/gerber/SilkB.art > ...
================================================================

  FILM PARAMETERS :
  ---------------------------------------------------------
  Undefined line width                0.200
  Suppress shape fill on neg film     NO
  Mirror code                         NONE
  Rotate angle                        NONE
  Offset x:                           0.000
  Offset y:                           0.000
  Plot negative                       NO
  Suppress unconnected internal pads  NO
  Draw holes only                     NO



  APERTURES USED:  NONE
     SilkB created with warnings


================================================================
     PROCESSING FILM < design >
     TO FILE < c:/Users/user/Desktop/work/avrusb500/gerber/design.art > ...
================================================================

  FILM PARAMETERS :
  ---------------------------------------------------------
  Undefined line width                0.000
  Suppress shape fill on neg film     NO
  Mirror code                         NONE
  Rotate angle                        NONE
  Offset x:                           0.000
  Offset y:                           0.000
  Plot negative                       NO
  Suppress unconnected internal pads  NO
  Draw holes only                     NO

    WARNING: Film contains layer ROUTE KEEPIN/ALL that should not normally be used etch (conductor) layers.
    WARNING: Film contains layer PACKAGE KEEPIN/ALL that should not normally be used etch (conductor) layers.
           
    WARNING: more than one pin class in film record
    WARNING: more than one via class in film record
    WARNING: more than one etch class in film record
    WARNING: Null REGULAR-PAD specified for padstack QUAD_LLB_PAD93_1 at (39.370 7.620).
    WARNING: Null REGULAR-PAD specified for padstack QUAD_LLB_PAD94_1 at (40.170 7.620).
    WARNING: Null REGULAR-PAD specified for padstack QUAD_LLB_PAD94_1 at (40.970 7.620).
    WARNING: Null REGULAR-PAD specified for padstack QUAD_LLB_PAD100 at (37.922 10.668).
    WARNING: Null REGULAR-PAD specified for padstack QUAD_LLB_PAD99 at (37.922 9.868).
    WARNING: Null REGULAR-PAD specified for padstack QUAD_LLB_PAD99 at (37.922 9.068).
    WARNING: Null REGULAR-PAD specified for padstack QUAD_LLB_PAD97_1 at (40.970 16.116).
    WARNING: Null REGULAR-PAD specified for padstack QUAD_LLB_PAD97_1 at (40.170 16.116).
    WARNING: Null REGULAR-PAD specified for padstack QUAD_LLB_PAD97_1 at (39.370 16.116).
    WARNING: Null REGULAR-PAD specified for padstack QUAD_LLB_PAD99 at (37.922 14.668).
    WARNING: Null REGULAR-PAD specified for padstack QUAD_LLB_PAD99 at (37.922 13.868).
    WARNING: Null REGULAR-PAD specified for padstack QUAD_LLB_PAD99 at (37.922 13.068).
    WARNING: Null REGULAR-PAD specified for padstack QUAD_LLB_PAD99 at (37.922 12.268).
    WARNING: Null REGULAR-PAD specified for padstack QUAD_LLB_PAD99 at (37.922 11.468).
    WARNING: Null REGULAR-PAD specified for padstack QUAD_LLB_PAD94_1 at (41.770 7.620).
    WARNING: Null REGULAR-PAD specified for padstack QUAD_LLB_PAD94_1 at (42.570 7.620).
    WARNING: Null REGULAR-PAD specified for padstack QUAD_LLB_PAD94_1 at (43.370 7.620).
    WARNING: Null REGULAR-PAD specified for padstack QUAD_LLB_PAD94_1 at (44.171 7.620).
    WARNING: Null REGULAR-PAD specified for padstack QUAD_LLB_PAD94_1 at (44.971 7.620).
    WARNING: Null REGULAR-PAD specified for padstack QUAD_LLB_PAD95_1 at (46.418 9.068).
    WARNING: Null REGULAR-PAD specified for padstack QUAD_LLB_PAD96_1 at (46.418 9.868).
    WARNING: Null REGULAR-PAD specified for padstack QUAD_LLB_PAD95_1 at (46.418 10.668).
    WARNING: Null REGULAR-PAD specified for padstack QUAD_LLB_PAD95_1 at (46.418 11.468).
    WARNING: Null REGULAR-PAD specified for padstack QUAD_LLB_PAD95_1 at (46.418 12.268).
    WARNING: Null REGULAR-PAD specified for padstack QUAD_LLB_PAD95_1 at (46.418 13.068).
    WARNING: Null REGULAR-PAD specified for padstack QUAD_LLB_PAD95_1 at (46.418 13.868).
    WARNING: Null REGULAR-PAD specified for padstack QUAD_LLB_PAD95_1 at (46.418 14.668).
    WARNING: Null REGULAR-PAD specified for padstack QUAD_LLB_PAD97_1 at (44.971 16.116).
    WARNING: Null REGULAR-PAD specified for padstack QUAD_LLB_PAD97_1 at (44.171 16.116).
    WARNING: Null REGULAR-PAD specified for padstack QUAD_LLB_PAD97_1 at (43.370 16.116).
    WARNING: Null REGULAR-PAD specified for padstack QUAD_LLB_PAD98_1 at (42.570 16.116).
    WARNING: Null REGULAR-PAD specified for padstack QUAD_LLB_PAD97_1 at (41.770 16.116).
    WARNING: Null REGULAR-PAD specified for padstack QUAD_LLB_PAD93_1 at (62.230 13.970).
    WARNING: Null REGULAR-PAD specified for padstack QUAD_LLB_PAD94_1 at (63.030 13.970).
    WARNING: Null REGULAR-PAD specified for padstack QUAD_LLB_PAD94_1 at (63.830 13.970).
    WARNING: Null REGULAR-PAD specified for padstack QUAD_LLB_PAD99 at (60.782 18.618).
    WARNING: Null REGULAR-PAD specified for padstack QUAD_LLB_PAD99 at (60.782 17.818).
    WARNING: Null REGULAR-PAD specified for padstack QUAD_LLB_PAD100 at (60.782 17.018).
    WARNING: Null REGULAR-PAD specified for padstack QUAD_LLB_PAD99 at (60.782 16.218).
    WARNING: Null REGULAR-PAD specified for padstack QUAD_LLB_PAD99 at (60.782 15.418).
    WARNING: Null REGULAR-PAD specified for padstack QUAD_LLB_PAD97_1 at (63.830 22.466).
    WARNING: Null REGULAR-PAD specified for padstack QUAD_LLB_PAD97_1 at (63.030 22.466).
    WARNING: Null REGULAR-PAD specified for padstack QUAD_LLB_PAD97_1 at (62.230 22.466).
    WARNING: Null REGULAR-PAD specified for padstack QUAD_LLB_PAD99 at (60.782 21.018).
    WARNING: Null REGULAR-PAD specified for padstack QUAD_LLB_PAD99 at (60.782 20.218).
    WARNING: Null REGULAR-PAD specified for padstack QUAD_LLB_PAD99 at (60.782 19.418).
    WARNING: Null REGULAR-PAD specified for padstack QUAD_LLB_PAD94_1 at (64.630 13.970).
    WARNING: Null REGULAR-PAD specified for padstack QUAD_LLB_PAD94_1 at (65.430 13.970).
    WARNING: Null REGULAR-PAD specified for padstack QUAD_LLB_PAD94_1 at (66.230 13.970).
    WARNING: Null REGULAR-PAD specified for padstack QUAD_LLB_PAD94_1 at (67.031 13.970).
    WARNING: Null REGULAR-PAD specified for padstack QUAD_LLB_PAD94_1 at (67.831 13.970).
    WARNING: Null REGULAR-PAD specified for padstack QUAD_LLB_PAD95_1 at (69.278 15.418).
    WARNING: Null REGULAR-PAD specified for padstack QUAD_LLB_PAD96_1 at (69.278 16.218).
    WARNING: Null REGULAR-PAD specified for padstack QUAD_LLB_PAD95_1 at (69.278 17.018).
    WARNING: Null REGULAR-PAD specified for padstack QUAD_LLB_PAD95_1 at (69.278 17.818).
    WARNING: Null REGULAR-PAD specified for padstack QUAD_LLB_PAD95_1 at (69.278 18.618).
    WARNING: Null REGULAR-PAD specified for padstack QUAD_LLB_PAD95_1 at (69.278 19.418).
    WARNING: Null REGULAR-PAD specified for padstack QUAD_LLB_PAD95_1 at (69.278 20.218).
    WARNING: Null REGULAR-PAD specified for padstack QUAD_LLB_PAD95_1 at (69.278 21.018).
    WARNING: Null REGULAR-PAD specified for padstack QUAD_LLB_PAD97_1 at (67.831 22.466).
    WARNING: Null REGULAR-PAD specified for padstack QUAD_LLB_PAD97_1 at (67.031 22.466).
    WARNING: Null REGULAR-PAD specified for padstack QUAD_LLB_PAD97_1 at (66.230 22.466).
    WARNING: Null REGULAR-PAD specified for padstack QUAD_LLB_PAD98_1 at (65.430 22.466).
    WARNING: Null REGULAR-PAD specified for padstack QUAD_LLB_PAD97_1 at (64.630 22.466).
    WARNING: Null REGULAR-PAD specified for padstack MICRO_USB_MOUNT_1 at (101.710 16.400).
    WARNING: Null REGULAR-PAD specified for padstack AAA at (101.710 18.400).
    WARNING: Null REGULAR-PAD specified for padstack AAA at (101.710 17.750).
    WARNING: Null REGULAR-PAD specified for padstack MICRO_USB_MOUNT_1 at (101.710 21.700).
    WARNING: Null REGULAR-PAD specified for padstack AAA at (101.710 20.350).
    WARNING: Null REGULAR-PAD specified for padstack AAA at (101.710 19.700).
    WARNING: Null REGULAR-PAD specified for padstack AAA at (101.710 19.050).
    WARNING: rectangle or unfilled shape composed 0 width line found at (3.000 3.000)
           ... ignored.

    WARNING: rectangle or unfilled shape having Multiple 0 width lines; all will be treated the same as the first.
           ... ignored.



  APERTURES USED:
  ---------------------------------------------------------
  TYPE       SIZE/NAME                   ROT   MIRROR MODE 
  ---------------------------------------------------------
  CIRCLE     0.20300                                  DARK 
  CIRCLE     0.25400                                  DARK 
  CIRCLE     0.38100                                  DARK 
  CIRCLE     0.61000                                  DARK 
  CIRCLE     1.32100                                  DARK 
  CIRCLE     1.57500                                  DARK 
  SQUARE     1.32100                     0.000 NO     DARK 
  SQUARE     1.57500                     0.000 NO     DARK 
  RECTANGLE  0.40000     x 1.72000      90.000 NO     DARK 
  RECTANGLE  1.10000     x 1.72000      90.000 NO     DARK 
  RECTANGLE  1.77800     x 0.45700       0.000 NO     DARK 
  RECTANGLE  1.77800     x 0.45700      90.000 NO     DARK 
  OBLONG     1.20000     x 1.90000      90.000 NO     DARK 
  OBLONG     1.77800     x 0.45700       0.000 NO     DARK 
  OBLONG     1.77800     x 0.45700      90.000 NO     DARK 

     design created with warnings


================================================================
     PROCESSING FILM < BOTTOM >
     TO FILE < c:/Users/user/Desktop/work/avrusb500/gerber/BOTTOM.art > ...
================================================================

  FILM PARAMETERS :
  ---------------------------------------------------------
  Undefined line width                0.000
  Suppress shape fill on neg film     NO
  Mirror code                         NONE
  Rotate angle                        NONE
  Offset x:                           0.000
  Offset y:                           0.000
  Plot negative                       NO
  Suppress unconnected internal pads  NO
  Draw holes only                     NO



  APERTURES USED:
  ---------------------------------------------------------
  TYPE       SIZE/NAME                   ROT   MIRROR MODE 
  ---------------------------------------------------------
  CIRCLE     0.25400                                  DARK 
  CIRCLE     0.38100                                  DARK 
  CIRCLE     0.61000                                  DARK 
  CIRCLE     1.32100                                  DARK 
  CIRCLE     1.57500                                  DARK 
  SQUARE     1.32100                     0.000 NO     DARK 
  SQUARE     1.57500                     0.000 NO     DARK 
  OBLONG     1.20000     x 1.90000      90.000 NO     DARK 

     BOTTOM created with warnings


================================================================
     PROCESSING FILM < TOP >
     TO FILE < c:/Users/user/Desktop/work/avrusb500/gerber/TOP.art > ...
================================================================

  FILM PARAMETERS :
  ---------------------------------------------------------
  Undefined line width                0.000
  Suppress shape fill on neg film     NO
  Mirror code                         NONE
  Rotate angle                        NONE
  Offset x:                           0.000
  Offset y:                           0.000
  Plot negative                       NO
  Suppress unconnected internal pads  NO
  Draw holes only                     NO



  APERTURES USED:
  ---------------------------------------------------------
  TYPE       SIZE/NAME                   ROT   MIRROR MODE 
  ---------------------------------------------------------
  CIRCLE     0.25400                                  DARK 
  CIRCLE     0.38100                                  DARK 
  CIRCLE     0.61000                                  DARK 
  CIRCLE     1.32100                                  DARK 
  CIRCLE     1.57500                                  DARK 
  SQUARE     1.32100                     0.000 NO     DARK 
  SQUARE     1.57500                     0.000 NO     DARK 
  RECTANGLE  0.40000     x 1.72000      90.000 NO     DARK 
  RECTANGLE  1.10000     x 1.72000      90.000 NO     DARK 
  RECTANGLE  1.77800     x 0.45700       0.000 NO     DARK 
  RECTANGLE  1.77800     x 0.45700      90.000 NO     DARK 
  OBLONG     1.20000     x 1.90000      90.000 NO     DARK 
  OBLONG     1.77800     x 0.45700       0.000 NO     DARK 
  OBLONG     1.77800     x 0.45700      90.000 NO     DARK 

     TOP created with warnings


================================================================
     PROCESSING FILM < SilkBot >
     TO FILE < c:/Users/user/Desktop/work/avrusb500/gerber/SilkBot.art > ...
================================================================

  FILM PARAMETERS :
  ---------------------------------------------------------
  Undefined line width                0.000
  Mirror code                         NONE
  Rotate angle                        NONE
  Offset x:                           0.000
  Offset y:                           0.000
  Plot negative                       NO
  Suppress unconnected internal pads  NO
  Draw holes only                     NO



  APERTURES USED:
  ---------------------------------------------------------
  TYPE       SIZE/NAME                   ROT   MIRROR MODE 
  ---------------------------------------------------------
  CIRCLE     0.20000                                  DARK 

     SilkBot created with warnings


================================================================
     PROCESSING FILM < AutoSilkBot >
     TO FILE < c:/Users/user/Desktop/work/avrusb500/gerber/AutoSilkBot.art > ...
================================================================

  FILM PARAMETERS :
  ---------------------------------------------------------
  Undefined line width                0.000
  Mirror code                         NONE
  Rotate angle                        NONE
  Offset x:                           0.000
  Offset y:                           0.000
  Plot negative                       NO
  Suppress unconnected internal pads  NO
  Draw holes only                     NO



  APERTURES USED:
  ---------------------------------------------------------
  TYPE       SIZE/NAME                   ROT   MIRROR MODE 
  ---------------------------------------------------------
  CIRCLE     0.20000                                  DARK 

     AutoSilkBot created with warnings


================================================================
     PROCESSING FILM < AutoSilkTop >
     TO FILE < c:/Users/user/Desktop/work/avrusb500/gerber/AutoSilkTop.art > ...
================================================================

  FILM PARAMETERS :
  ---------------------------------------------------------
  Undefined line width                0.000
  Mirror code                         NONE
  Rotate angle                        NONE
  Offset x:                           0.000
  Offset y:                           0.000
  Plot negative                       NO
  Suppress unconnected internal pads  NO
  Draw holes only                     NO



  APERTURES USED:
  ---------------------------------------------------------
  TYPE       SIZE/NAME                   ROT   MIRROR MODE 
  ---------------------------------------------------------
  CIRCLE     0.20300                                  DARK 
  CIRCLE     0.25400                                  DARK 

     AutoSilkTop created with warnings


================================================================
     PROCESSING FILM < DrillDraw >
     TO FILE < c:/Users/user/Desktop/work/avrusb500/gerber/DrillDraw.art > ...
================================================================

  FILM PARAMETERS :
  ---------------------------------------------------------
  Undefined line width                0.000
  Mirror code                         NONE
  Rotate angle                        NONE
  Offset x:                           0.000
  Offset y:                           0.000
  Plot negative                       NO
  Suppress unconnected internal pads  NO
  Draw holes only                     NO

    WARNING: 0 width line found at (2.540 44.631)
           ... ignored.

    WARNING: Multiple 0 width lines; all will be treated the same as the first.
           ... ignored.



  APERTURES USED:  NONE
     DrillDraw created with warnings


------------------------------------------------------
 SUMMARY:
        SilkT created with warnings
        MetalB created with warnings
        MetalT created with warnings
        SolderB created with warnings
        SolderT created with warnings
        SilkB created with warnings
        design created with warnings
        BOTTOM created with warnings
        TOP created with warnings
        SilkBot created with warnings
        AutoSilkBot created with warnings
        AutoSilkTop created with warnings
        DrillDraw created with warnings

 ARTWORK had warnings
